[debug] [2023-04-26T17:04:57.487Z] ----------------------------------------------------------------------
[debug] [2023-04-26T17:04:57.492Z] Command:       C:\Program Files\nodejs\node.exe C:\Users\DELL\AppData\Roaming\npm\node_modules\firebase-tools\lib\bin\firebase.js emulators:start
[debug] [2023-04-26T17:04:57.496Z] CLI Version:   11.27.0
[debug] [2023-04-26T17:04:57.496Z] Platform:      win32
[debug] [2023-04-26T17:04:57.497Z] Node Version:  v18.15.0
[debug] [2023-04-26T17:04:57.498Z] Time:          Wed Apr 26 2023 20:04:57 GMT+0300 (East Africa Time)
[debug] [2023-04-26T17:04:57.499Z] ----------------------------------------------------------------------
[debug] 
[debug] [2023-04-26T17:04:57.771Z] > command requires scopes: ["email","openid","https://www.googleapis.com/auth/cloudplatformprojects.readonly","https://www.googleapis.com/auth/firebase","https://www.googleapis.com/auth/cloud-platform"]
[debug] [2023-04-26T17:04:57.772Z] > authorizing via signed-in user (jayabjay2018@gmail.com)
[info] i  emulators: Starting emulators: functions {"metadata":{"emulator":{"name":"hub"},"message":"Starting emulators: functions"}}
[debug] [2023-04-26T17:04:57.804Z] [logging] Logging Emulator only supports listening on one address (127.0.0.1). Not listening on ::1
[debug] [2023-04-26T17:04:57.806Z] assigned listening specs for emulators {"user":{"hub":[{"address":"127.0.0.1","family":"IPv4","port":4400},{"address":"::1","family":"IPv6","port":4400}],"ui":[{"address":"127.0.0.1","family":"IPv4","port":4000},{"address":"::1","family":"IPv6","port":4000}],"logging":[{"address":"127.0.0.1","family":"IPv4","port":4500}]},"metadata":{"message":"assigned listening specs for emulators"}}
[debug] [2023-04-26T17:04:57.840Z] [hub] writing locator at C:\Users\DELL\AppData\Local\Temp\hub-clone-22d24.json
[debug] [2023-04-26T17:04:57.956Z] [functions] Functions Emulator only supports listening on one address (127.0.0.1). Not listening on ::1
[debug] [2023-04-26T17:04:57.957Z] [eventarc] Eventarc Emulator only supports listening on one address (127.0.0.1). Not listening on ::1
[debug] [2023-04-26T17:04:57.957Z] late-assigned ports for functions and eventarc emulators {"user":{"hub":[{"address":"127.0.0.1","family":"IPv4","port":4400},{"address":"::1","family":"IPv6","port":4400}],"ui":[{"address":"127.0.0.1","family":"IPv4","port":4000},{"address":"::1","family":"IPv6","port":4000}],"logging":[{"address":"127.0.0.1","family":"IPv4","port":4500}],"functions":[{"address":"127.0.0.1","family":"IPv4","port":5001}],"eventarc":[{"address":"127.0.0.1","family":"IPv4","port":9299}]},"metadata":{"message":"late-assigned ports for functions and eventarc emulators"}}
[warn] !  functions: The following emulators are not running, calls to these services from the Functions emulator will affect production: auth, firestore, database, hosting, pubsub, storage {"metadata":{"emulator":{"name":"functions"},"message":"The following emulators are not running, calls to these services from the Functions emulator will affect production: \u001b[1mauth, firestore, database, hosting, pubsub, storage\u001b[22m"}}
[debug] [2023-04-26T17:04:58.007Z] defaultcredentials: writing to file C:\Users\DELL\AppData\Roaming\firebase\jayabjay2018_gmail_com_application_default_credentials.json
[debug] [2023-04-26T17:04:58.021Z] Setting GAC to C:\Users\DELL\AppData\Roaming\firebase\jayabjay2018_gmail_com_application_default_credentials.json {"metadata":{"emulator":{"name":"functions"},"message":"Setting GAC to C:\\Users\\DELL\\AppData\\Roaming\\firebase\\jayabjay2018_gmail_com_application_default_credentials.json"}}
[debug] [2023-04-26T17:04:58.032Z] >>> [apiv2][query] GET https://firebase.googleapis.com/v1beta1/projects/clone-22d24/adminSdkConfig [none]
[debug] [2023-04-26T17:04:58.564Z] <<< [apiv2][status] GET https://firebase.googleapis.com/v1beta1/projects/clone-22d24/adminSdkConfig 200
[debug] [2023-04-26T17:04:58.565Z] <<< [apiv2][body] GET https://firebase.googleapis.com/v1beta1/projects/clone-22d24/adminSdkConfig {"projectId":"clone-22d24","storageBucket":"clone-22d24.appspot.com"}
[info] i  ui: downloading ui-v1.11.5.zip... {"metadata":{"emulator":{"name":"ui"},"message":"downloading ui-v1.11.5.zip..."}}
[debug] [2023-04-26T17:04:58.656Z] >>> [apiv2][query] GET https://storage.googleapis.com/firebase-preview-drop/emulator/ui-v1.11.5.zip 
[debug] [2023-04-26T17:04:59.182Z] <<< [apiv2][status] GET https://storage.googleapis.com/firebase-preview-drop/emulator/ui-v1.11.5.zip 200
[debug] [2023-04-26T17:04:59.182Z] <<< [apiv2][body] GET https://storage.googleapis.com/firebase-preview-drop/emulator/ui-v1.11.5.zip [stream]
[debug] [2023-04-26T17:05:02.186Z] Ignoring unsupported arg: auto_download {"metadata":{"emulator":{"name":"ui"},"message":"Ignoring unsupported arg: auto_download"}}
[debug] [2023-04-26T17:05:02.186Z] Ignoring unsupported arg: port {"metadata":{"emulator":{"name":"ui"},"message":"Ignoring unsupported arg: port"}}
[debug] [2023-04-26T17:05:02.186Z] Starting Emulator UI with command {"binary":"node","args":["C:\\Users\\DELL\\.cache\\firebase\\emulators\\ui-v1.11.5\\server\\server.js"],"optionalArgs":[],"joinArgs":false} {"metadata":{"emulator":{"name":"ui"},"message":"Starting Emulator UI with command {\"binary\":\"node\",\"args\":[\"C:\\\\Users\\\\DELL\\\\.cache\\\\firebase\\\\emulators\\\\ui-v1.11.5\\\\server\\\\server.js\"],\"optionalArgs\":[],\"joinArgs\":false}"}}
[info] i  ui: Emulator UI logging to ui-debug.log {"metadata":{"emulator":{"name":"ui"},"message":"Emulator UI logging to \u001b[1mui-debug.log\u001b[22m"}}
[debug] [2023-04-26T17:05:02.509Z] Web / API server started at 127.0.0.1:4000
 {"metadata":{"emulator":{"name":"ui"},"message":"Web / API server started at 127.0.0.1:4000\n"}}
[debug] [2023-04-26T17:05:02.510Z] Web / API server started at ::1:4000
 {"metadata":{"emulator":{"name":"ui"},"message":"Web / API server started at ::1:4000\n"}}
[info] i  functions: Watching "C:\Users\DELL\OneDrive\React Js\amazon-clone\functions" for Cloud Functions... {"metadata":{"emulator":{"name":"functions"},"message":"Watching \"C:\\Users\\DELL\\OneDrive\\React Js\\amazon-clone\\functions\" for Cloud Functions..."}}
[debug] [2023-04-26T17:05:02.748Z] Validating nodejs source
[debug] [2023-04-26T17:05:06.955Z] > [functions] package.json contents: {
  "name": "functions",
  "description": "Cloud Functions for Firebase",
  "scripts": {
    "lint": "eslint .",
    "serve": "firebase emulators:start --only functions",
    "shell": "firebase functions:shell",
    "start": "npm run shell",
    "deploy": "firebase deploy --only functions",
    "logs": "firebase functions:log"
  },
  "engines": {
    "node": "16"
  },
  "main": "index.js",
  "dependencies": {
    "cors": "^2.8.5",
    "express": "^4.18.2",
    "firebase-admin": "^11.5.0",
    "firebase-functions": "^4.2.0",
    "stripe": "^12.2.0"
  },
  "devDependencies": {
    "eslint": "^8.15.0",
    "eslint-config-google": "^0.14.0",
    "firebase-functions-test": "^3.0.0"
  },
  "private": true
}
[debug] [2023-04-26T17:05:06.956Z] Building nodejs source
[debug] [2023-04-26T17:05:06.957Z] Failed to find version of module node: reached end of search path C:\Users\DELL\OneDrive\React Js\amazon-clone\functions\node_modules
[warn] !  functions: Your requested "node" version "16" doesn't match your global version "18". Using node@18 from host. 
[debug] [2023-04-26T17:05:06.961Z] Could not find functions.yaml. Must use http discovery
[debug] [2023-04-26T17:05:06.976Z] Found firebase-functions binary at 'C:\Users\DELL\OneDrive\React Js\amazon-clone\functions\node_modules\.bin\firebase-functions'
[debug] [2023-04-26T17:05:07.939Z] Serving at port 8375

[debug] [2023-04-26T17:05:09.241Z] Got response from /__/functions.yaml {"endpoints":{"api":{"platform":"gcfv1","availableMemoryMb":null,"timeoutSeconds":null,"minInstances":null,"maxInstances":null,"ingressSettings":null,"serviceAccountEmail":null,"vpc":null,"httpsTrigger":{},"entryPoint":"api"}},"specVersion":"v1alpha1","requiredAPIs":[]}
[debug] [2023-04-26T17:05:09.258Z] shutdown requested via /__/quitquitquit

[info] +  functions: Loaded functions definitions from source: api. {"metadata":{"emulator":{"name":"functions"},"message":"Loaded functions definitions from source: api."}}
[info] +  functions[us-central1-api]: http function initialized (http://127.0.0.1:5001/clone-22d24/us-central1/api). {"metadata":{"emulator":{"name":"functions"},"message":"\u001b[1mhttp\u001b[22m function initialized (http://127.0.0.1:5001/clone-22d24/us-central1/api)."}}
[info] 
┌─────────────────────────────────────────────────────────────┐
│ ✔  All emulators ready! It is now safe to connect your app. │
│ i  View Emulator UI at http://127.0.0.1:4000/               │
└─────────────────────────────────────────────────────────────┘

┌───────────┬────────────────┬─────────────────────────────────┐
│ Emulator  │ Host:Port      │ View in Emulator UI             │
├───────────┼────────────────┼─────────────────────────────────┤
│ Functions │ 127.0.0.1:5001 │ http://127.0.0.1:4000/functions │
└───────────┴────────────────┴─────────────────────────────────┘
  Emulator Hub running at 127.0.0.1:4400
  Other reserved ports: 4500

Issues? Report them at https://github.com/firebase/firebase-tools/issues and attach the *-debug.log files.
 
[debug] [2023-04-26T17:06:24.008Z] Functions emulator received unknown request at path /
[debug] [2023-04-26T17:06:24.170Z] Functions emulator received unknown request at path /favicon.ico
[debug] [2023-04-26T17:07:04.745Z] [work-queue] {"queuedWork":["/clone-22d24/us-central1/api-2023-04-26T17:07:04.745Z"],"queueLength":1,"runningWork":[],"workRunningCount":0}
[debug] [2023-04-26T17:07:04.746Z] [work-queue] {"queuedWork":[],"queueLength":0,"runningWork":["/clone-22d24/us-central1/api-2023-04-26T17:07:04.745Z"],"workRunningCount":1}
[debug] [2023-04-26T17:07:04.747Z] Accepted request GET /clone-22d24/us-central1/api --> us-central1-api
[debug] [2023-04-26T17:07:04.762Z] [functions] Runtime ready! Sending request! {"metadata":{"emulator":{"name":"functions"},"message":"[functions] Runtime ready! Sending request!"}}
[debug] [2023-04-26T17:07:04.764Z] [functions] Got req.url=/clone-22d24/us-central1/api, mapping to path=/ {"metadata":{"emulator":{"name":"functions"},"message":"[functions] Got req.url=/clone-22d24/us-central1/api, mapping to path=/"}}
[debug] [2023-04-26T17:07:04.817Z] [worker-pool] addWorker(us-central1-api) {"metadata":{"emulator":{"name":"functions"},"message":"[worker-pool] addWorker(us-central1-api)"}}
[debug] [2023-04-26T17:07:04.819Z] [worker-pool] Adding worker with key us-central1-api, total=1 {"metadata":{"emulator":{"name":"functions"},"message":"[worker-pool] Adding worker with key us-central1-api, total=1"}}
[debug] [2023-04-26T17:07:09.614Z] [runtime-status] [16700] Resolved module firebase-admin {"declared":true,"installed":true,"version":"11.7.0","resolution":"C:\\Users\\DELL\\OneDrive\\React Js\\amazon-clone\\functions\\node_modules\\firebase-admin\\lib\\index.js"} {"metadata":{"emulator":{"name":"functions"},"function":{"name":"us-central1-api"},"extension":{},"message":"[runtime-status] [16700] Resolved module firebase-admin {\"declared\":true,\"installed\":true,\"version\":\"11.7.0\",\"resolution\":\"C:\\\\Users\\\\DELL\\\\OneDrive\\\\React Js\\\\amazon-clone\\\\functions\\\\node_modules\\\\firebase-admin\\\\lib\\\\index.js\"}"}}
[debug] [2023-04-26T17:07:09.620Z] [runtime-status] [16700] Resolved module firebase-functions {"declared":true,"installed":true,"version":"4.3.1","resolution":"C:\\Users\\DELL\\OneDrive\\React Js\\amazon-clone\\functions\\node_modules\\firebase-functions\\lib\\v1\\index.js"} {"metadata":{"emulator":{"name":"functions"},"function":{"name":"us-central1-api"},"extension":{},"message":"[runtime-status] [16700] Resolved module firebase-functions {\"declared\":true,\"installed\":true,\"version\":\"4.3.1\",\"resolution\":\"C:\\\\Users\\\\DELL\\\\OneDrive\\\\React Js\\\\amazon-clone\\\\functions\\\\node_modules\\\\firebase-functions\\\\lib\\\\v1\\\\index.js\"}"}}
[debug] [2023-04-26T17:07:09.621Z] [runtime-status] [16700] Outgoing network have been stubbed. [{"name":"http","status":"mocked"},{"name":"http","status":"mocked"},{"name":"https","status":"mocked"},{"name":"https","status":"mocked"},{"name":"net","status":"mocked"}] {"metadata":{"emulator":{"name":"functions"},"function":{"name":"us-central1-api"},"extension":{},"message":"[runtime-status] [16700] Outgoing network have been stubbed. [{\"name\":\"http\",\"status\":\"mocked\"},{\"name\":\"http\",\"status\":\"mocked\"},{\"name\":\"https\",\"status\":\"mocked\"},{\"name\":\"https\",\"status\":\"mocked\"},{\"name\":\"net\",\"status\":\"mocked\"}]"}}
[debug] [2023-04-26T17:07:09.623Z] [runtime-status] [16700] Resolved module firebase-functions {"declared":true,"installed":true,"version":"4.3.1","resolution":"C:\\Users\\DELL\\OneDrive\\React Js\\amazon-clone\\functions\\node_modules\\firebase-functions\\lib\\v1\\index.js"} {"metadata":{"emulator":{"name":"functions"},"function":{"name":"us-central1-api"},"extension":{},"message":"[runtime-status] [16700] Resolved module firebase-functions {\"declared\":true,\"installed\":true,\"version\":\"4.3.1\",\"resolution\":\"C:\\\\Users\\\\DELL\\\\OneDrive\\\\React Js\\\\amazon-clone\\\\functions\\\\node_modules\\\\firebase-functions\\\\lib\\\\v1\\\\index.js\"}"}}
[debug] [2023-04-26T17:07:10.602Z] [runtime-status] [16700] Checked functions.config() {"config":{}} {"metadata":{"emulator":{"name":"functions"},"function":{"name":"us-central1-api"},"extension":{},"message":"[runtime-status] [16700] Checked functions.config() {\"config\":{}}"}}
[debug] [2023-04-26T17:07:10.603Z] [runtime-status] [16700] firebase-functions has been stubbed. {"functionsResolution":{"declared":true,"installed":true,"version":"4.3.1","resolution":"C:\\Users\\DELL\\OneDrive\\React Js\\amazon-clone\\functions\\node_modules\\firebase-functions\\lib\\v1\\index.js"}} {"metadata":{"emulator":{"name":"functions"},"function":{"name":"us-central1-api"},"extension":{},"message":"[runtime-status] [16700] firebase-functions has been stubbed. {\"functionsResolution\":{\"declared\":true,\"installed\":true,\"version\":\"4.3.1\",\"resolution\":\"C:\\\\Users\\\\DELL\\\\OneDrive\\\\React Js\\\\amazon-clone\\\\functions\\\\node_modules\\\\firebase-functions\\\\lib\\\\v1\\\\index.js\"}}"}}
[debug] [2023-04-26T17:07:10.605Z] [runtime-status] [16700] Resolved module firebase-functions {"declared":true,"installed":true,"version":"4.3.1","resolution":"C:\\Users\\DELL\\OneDrive\\React Js\\amazon-clone\\functions\\node_modules\\firebase-functions\\lib\\v1\\index.js"} {"metadata":{"emulator":{"name":"functions"},"function":{"name":"us-central1-api"},"extension":{},"message":"[runtime-status] [16700] Resolved module firebase-functions {\"declared\":true,\"installed\":true,\"version\":\"4.3.1\",\"resolution\":\"C:\\\\Users\\\\DELL\\\\OneDrive\\\\React Js\\\\amazon-clone\\\\functions\\\\node_modules\\\\firebase-functions\\\\lib\\\\v1\\\\index.js\"}"}}
[debug] [2023-04-26T17:07:10.608Z] [runtime-status] [16700] Resolved module firebase-admin {"declared":true,"installed":true,"version":"11.7.0","resolution":"C:\\Users\\DELL\\OneDrive\\React Js\\amazon-clone\\functions\\node_modules\\firebase-admin\\lib\\index.js"} {"metadata":{"emulator":{"name":"functions"},"function":{"name":"us-central1-api"},"extension":{},"message":"[runtime-status] [16700] Resolved module firebase-admin {\"declared\":true,\"installed\":true,\"version\":\"11.7.0\",\"resolution\":\"C:\\\\Users\\\\DELL\\\\OneDrive\\\\React Js\\\\amazon-clone\\\\functions\\\\node_modules\\\\firebase-admin\\\\lib\\\\index.js\"}"}}
[debug] [2023-04-26T17:07:10.620Z] [runtime-status] [16700] Resolved module firebase-functions {"declared":true,"installed":true,"version":"4.3.1","resolution":"C:\\Users\\DELL\\OneDrive\\React Js\\amazon-clone\\functions\\node_modules\\firebase-functions\\lib\\v1\\index.js"} {"metadata":{"emulator":{"name":"functions"},"function":{"name":"us-central1-api"},"extension":{},"message":"[runtime-status] [16700] Resolved module firebase-functions {\"declared\":true,\"installed\":true,\"version\":\"4.3.1\",\"resolution\":\"C:\\\\Users\\\\DELL\\\\OneDrive\\\\React Js\\\\amazon-clone\\\\functions\\\\node_modules\\\\firebase-functions\\\\lib\\\\v1\\\\index.js\"}"}}
[debug] [2023-04-26T17:07:10.621Z] [runtime-status] [16700] firebase-admin has been stubbed. {"adminResolution":{"declared":true,"installed":true,"version":"11.7.0","resolution":"C:\\Users\\DELL\\OneDrive\\React Js\\amazon-clone\\functions\\node_modules\\firebase-admin\\lib\\index.js"}} {"metadata":{"emulator":{"name":"functions"},"function":{"name":"us-central1-api"},"extension":{},"message":"[runtime-status] [16700] firebase-admin has been stubbed. {\"adminResolution\":{\"declared\":true,\"installed\":true,\"version\":\"11.7.0\",\"resolution\":\"C:\\\\Users\\\\DELL\\\\OneDrive\\\\React Js\\\\amazon-clone\\\\functions\\\\node_modules\\\\firebase-admin\\\\lib\\\\index.js\"}}"}}
[debug] [2023-04-26T17:07:11.229Z] [runtime-status] [16700] Functions runtime initialized. {"cwd":"C:\\Users\\DELL\\OneDrive\\React Js\\amazon-clone\\functions","node_version":"18.15.0"} {"metadata":{"emulator":{"name":"functions"},"function":{"name":"us-central1-api"},"extension":{},"message":"[runtime-status] [16700] Functions runtime initialized. {\"cwd\":\"C:\\\\Users\\\\DELL\\\\OneDrive\\\\React Js\\\\amazon-clone\\\\functions\",\"node_version\":\"18.15.0\"}"}}
[debug] [2023-04-26T17:07:11.230Z] [runtime-status] [16700] Listening to port: \\?\pipe\fire_emu_1d27d291f489e6b3 {"metadata":{"emulator":{"name":"functions"},"function":{"name":"us-central1-api"},"extension":{},"message":"[runtime-status] [16700] Listening to port: \\\\?\\pipe\\fire_emu_1d27d291f489e6b3"}}
[debug] [2023-04-26T17:07:11.289Z] [worker-us-central1-api-2499ecc4-4f75-4500-b45c-5991de0da01e]: IDLE {"metadata":{"emulator":{"name":"functions"},"function":{"name":"us-central1-api"},"extension":{},"message":"[worker-us-central1-api-2499ecc4-4f75-4500-b45c-5991de0da01e]: IDLE"}}
[debug] [2023-04-26T17:07:11.290Z] [worker-pool] submitRequest(triggerId=us-central1-api) {"metadata":{"emulator":{"name":"functions"},"message":"[worker-pool] submitRequest(triggerId=us-central1-api)"}}
[info] i  functions: Beginning execution of "us-central1-api" {"metadata":{"emulator":{"name":"functions"},"function":{"name":"us-central1-api"},"extension":{},"message":"Beginning execution of \"us-central1-api\""}}
[debug] [2023-04-26T17:07:11.292Z] [worker-us-central1-api-2499ecc4-4f75-4500-b45c-5991de0da01e]: BUSY {"metadata":{"emulator":{"name":"functions"},"function":{"name":"us-central1-api"},"extension":{},"message":"[worker-us-central1-api-2499ecc4-4f75-4500-b45c-5991de0da01e]: BUSY"}}
[info] i  functions: Finished "us-central1-api" in 16.1269ms {"metadata":{"emulator":{"name":"functions"},"function":{"name":"us-central1-api"},"extension":{},"message":"Finished \"us-central1-api\" in 16.1269ms"}}
[debug] [2023-04-26T17:07:11.310Z] [worker-us-central1-api-2499ecc4-4f75-4500-b45c-5991de0da01e]: IDLE {"metadata":{"emulator":{"name":"functions"},"function":{"name":"us-central1-api"},"extension":{},"message":"[worker-us-central1-api-2499ecc4-4f75-4500-b45c-5991de0da01e]: IDLE"}}
[debug] [2023-04-26T17:07:11.311Z] [work-queue] {"queuedWork":[],"queueLength":0,"runningWork":[],"workRunningCount":0}
[debug] [2023-04-26T17:28:07.107Z] Received signal SIGHUP 1
